Flow report for Lab5
Mon Mar 08 23:52:50 2021
Quartus Prime Version 20.1.1 Build 720 11/11/2020 SJ Lite Edition


---------------------
; Table of Contents ;
---------------------
  1. Legal Notice
  2. Flow Summary
  3. Flow Settings
  4. Flow Non-Default Global Settings
  5. Flow Elapsed Time
  6. Flow OS Summary
  7. Flow Log
  8. Flow Messages
  9. Flow Suppressed Messages



----------------
; Legal Notice ;
----------------
Copyright (C) 2020  Intel Corporation. All rights reserved.
Your use of Intel Corporation's design tools, logic functions 
and other software and tools, and any partner logic 
functions, and any output files from any of the foregoing 
(including device programming or simulation files), and any 
associated documentation or information are expressly subject 
to the terms and conditions of the Intel Program License 
Subscription Agreement, the Intel Quartus Prime License Agreement,
the Intel FPGA IP License Agreement, or other applicable license
agreement, including, without limitation, that your use is for
the sole purpose of programming logic devices manufactured by
Intel and sold by Intel or its authorized distributors.  Please
refer to the applicable agreement for further details, at
https://fpgasoftware.intel.com/eula.



+----------------------------------------------------------------------------------+
; Flow Summary                                                                     ;
+------------------------------------+---------------------------------------------+
; Flow Status                        ; Successful - Mon Mar 08 23:52:50 2021       ;
; Quartus Prime Version              ; 20.1.1 Build 720 11/11/2020 SJ Lite Edition ;
; Revision Name                      ; Lab5                                        ;
; Top-level Entity Name              ; slc3_sramtop                                ;
; Family                             ; MAX 10                                      ;
; Device                             ; 10M50DCF484C7G                              ;
; Timing Models                      ; Final                                       ;
; Total logic elements               ; 1,395                                       ;
;     Total combinational functions  ; 739                                         ;
;     Dedicated logic registers      ; 1,087                                       ;
; Total registers                    ; 1087                                        ;
; Total pins                         ; 51                                          ;
; Total virtual pins                 ; 0                                           ;
; Total memory bits                  ; 4,480                                       ;
; Embedded Multiplier 9-bit elements ; 0                                           ;
; Total PLLs                         ; 0                                           ;
; UFM blocks                         ; 0                                           ;
; ADC blocks                         ; 0                                           ;
+------------------------------------+---------------------------------------------+


+-----------------------------------------+
; Flow Settings                           ;
+-------------------+---------------------+
; Option            ; Setting             ;
+-------------------+---------------------+
; Start date & time ; 03/08/2021 23:52:14 ;
; Main task         ; Compilation         ;
; Revision Name     ; Lab5                ;
+-------------------+---------------------+


+-------------------------------------------------------------------------------------------------------------------------------------------------------------------------------------------------------------------------------------------------------------------------------------------------------------------------------------------------------------------------------------------------------------------------------------------------------------+
; Flow Non-Default Global Settings                                                                                                                                                                                                                                                                                                                                                                                                                            ;
+--------------------------------------+---------------------------------------------------------------------------------------------------------------------------------------------------------------------------------------------------------------------------------------------------------------------------------------------------------------------------------------------------+---------------+--------------+-----------------------------------+
; Assignment Name                      ; Value                                                                                                                                                                                                                                                                                                                                             ; Default Value ; Entity Name  ; Section Id                        ;
+--------------------------------------+---------------------------------------------------------------------------------------------------------------------------------------------------------------------------------------------------------------------------------------------------------------------------------------------------------------------------------------------------+---------------+--------------+-----------------------------------+
; COMPILER_SIGNATURE_ID                ; 1098895847346.161526913430864                                                                                                                                                                                                                                                                                                                     ; --            ; --           ; --                                ;
; EDA_DESIGN_INSTANCE_NAME             ; NA                                                                                                                                                                                                                                                                                                                                                ; --            ; --           ; part_1                            ;
; EDA_GENERATE_FUNCTIONAL_NETLIST      ; Off                                                                                                                                                                                                                                                                                                                                               ; --            ; --           ; eda_board_design_timing           ;
; EDA_GENERATE_FUNCTIONAL_NETLIST      ; Off                                                                                                                                                                                                                                                                                                                                               ; --            ; --           ; eda_board_design_boundary_scan    ;
; EDA_GENERATE_FUNCTIONAL_NETLIST      ; Off                                                                                                                                                                                                                                                                                                                                               ; --            ; --           ; eda_board_design_signal_integrity ;
; EDA_GENERATE_FUNCTIONAL_NETLIST      ; Off                                                                                                                                                                                                                                                                                                                                               ; --            ; --           ; eda_board_design_symbol           ;
; EDA_NATIVELINK_SIMULATION_TEST_BENCH ; part_1                                                                                                                                                                                                                                                                                                                                            ; --            ; --           ; eda_simulation                    ;
; EDA_OUTPUT_DATA_FORMAT               ; Systemverilog Hdl                                                                                                                                                                                                                                                                                                                                 ; --            ; --           ; eda_simulation                    ;
; EDA_SIMULATION_TOOL                  ; ModelSim (SystemVerilog)                                                                                                                                                                                                                                                                                                                          ; <None>        ; --           ; --                                ;
; EDA_TEST_BENCH_ENABLE_STATUS         ; TEST_BENCH_MODE                                                                                                                                                                                                                                                                                                                                   ; --            ; --           ; eda_simulation                    ;
; EDA_TEST_BENCH_FILE                  ; testbench_1.sv                                                                                                                                                                                                                                                                                                                                    ; --            ; --           ; part_1                            ;
; EDA_TEST_BENCH_MODULE_NAME           ; testbench                                                                                                                                                                                                                                                                                                                                         ; --            ; --           ; part_1                            ;
; EDA_TEST_BENCH_NAME                  ; part_1                                                                                                                                                                                                                                                                                                                                            ; --            ; --           ; eda_simulation                    ;
; EDA_TEST_BENCH_RUN_SIM_FOR           ; 10 ns                                                                                                                                                                                                                                                                                                                                             ; --            ; --           ; part_1                            ;
; EDA_TIME_SCALE                       ; 1 ps                                                                                                                                                                                                                                                                                                                                              ; --            ; --           ; eda_simulation                    ;
; ENABLE_SIGNALTAP                     ; On                                                                                                                                                                                                                                                                                                                                                ; --            ; --           ; --                                ;
; MAX_CORE_JUNCTION_TEMP               ; 85                                                                                                                                                                                                                                                                                                                                                ; --            ; --           ; --                                ;
; MIN_CORE_JUNCTION_TEMP               ; 0                                                                                                                                                                                                                                                                                                                                                 ; --            ; --           ; --                                ;
; PARTITION_COLOR                      ; -- (Not supported for targeted family)                                                                                                                                                                                                                                                                                                            ; --            ; slc3_sramtop ; Top                               ;
; PARTITION_FITTER_PRESERVATION_LEVEL  ; -- (Not supported for targeted family)                                                                                                                                                                                                                                                                                                            ; --            ; slc3_sramtop ; Top                               ;
; PARTITION_NETLIST_TYPE               ; -- (Not supported for targeted family)                                                                                                                                                                                                                                                                                                            ; --            ; slc3_sramtop ; Top                               ;
; POWER_BOARD_THERMAL_MODEL            ; None (CONSERVATIVE)                                                                                                                                                                                                                                                                                                                               ; --            ; --           ; --                                ;
; POWER_PRESET_COOLING_SOLUTION        ; 23 MM HEAT SINK WITH 200 LFPM AIRFLOW                                                                                                                                                                                                                                                                                                             ; --            ; --           ; --                                ;
; PROJECT_OUTPUT_DIRECTORY             ; output_files                                                                                                                                                                                                                                                                                                                                      ; --            ; --           ; --                                ;
; SLD_FILE                             ; db/stp1_auto_stripped.stp                                                                                                                                                                                                                                                                                                                         ; --            ; --           ; --                                ;
; SLD_NODE_CREATOR_ID                  ; 110                                                                                                                                                                                                                                                                                                                                               ; --            ; --           ; auto_signaltap_0                  ;
; SLD_NODE_ENTITY_NAME                 ; sld_signaltap                                                                                                                                                                                                                                                                                                                                     ; --            ; --           ; auto_signaltap_0                  ;
; SLD_NODE_PARAMETER_ASSIGNMENT        ; SLD_RAM_BLOCK_TYPE=AUTO                                                                                                                                                                                                                                                                                                                           ; --            ; --           ; auto_signaltap_0                  ;
; SLD_NODE_PARAMETER_ASSIGNMENT        ; SLD_NODE_INFO=805334528                                                                                                                                                                                                                                                                                                                           ; --            ; --           ; auto_signaltap_0                  ;
; SLD_NODE_PARAMETER_ASSIGNMENT        ; SLD_POWER_UP_TRIGGER=0                                                                                                                                                                                                                                                                                                                            ; --            ; --           ; auto_signaltap_0                  ;
; SLD_NODE_PARAMETER_ASSIGNMENT        ; SLD_STORAGE_QUALIFIER_INVERSION_MASK_LENGTH=0                                                                                                                                                                                                                                                                                                     ; --            ; --           ; auto_signaltap_0                  ;
; SLD_NODE_PARAMETER_ASSIGNMENT        ; SLD_SEGMENT_SIZE=128                                                                                                                                                                                                                                                                                                                              ; --            ; --           ; auto_signaltap_0                  ;
; SLD_NODE_PARAMETER_ASSIGNMENT        ; SLD_ATTRIBUTE_MEM_MODE=OFF                                                                                                                                                                                                                                                                                                                        ; --            ; --           ; auto_signaltap_0                  ;
; SLD_NODE_PARAMETER_ASSIGNMENT        ; SLD_STATE_FLOW_USE_GENERATED=0                                                                                                                                                                                                                                                                                                                    ; --            ; --           ; auto_signaltap_0                  ;
; SLD_NODE_PARAMETER_ASSIGNMENT        ; SLD_STATE_BITS=11                                                                                                                                                                                                                                                                                                                                 ; --            ; --           ; auto_signaltap_0                  ;
; SLD_NODE_PARAMETER_ASSIGNMENT        ; SLD_BUFFER_FULL_STOP=1                                                                                                                                                                                                                                                                                                                            ; --            ; --           ; auto_signaltap_0                  ;
; SLD_NODE_PARAMETER_ASSIGNMENT        ; SLD_CURRENT_RESOURCE_WIDTH=1                                                                                                                                                                                                                                                                                                                      ; --            ; --           ; auto_signaltap_0                  ;
; SLD_NODE_PARAMETER_ASSIGNMENT        ; SLD_INCREMENTAL_ROUTING=1                                                                                                                                                                                                                                                                                                                         ; --            ; --           ; auto_signaltap_0                  ;
; SLD_NODE_PARAMETER_ASSIGNMENT        ; SLD_SAMPLE_DEPTH=128                                                                                                                                                                                                                                                                                                                              ; --            ; --           ; auto_signaltap_0                  ;
; SLD_NODE_PARAMETER_ASSIGNMENT        ; SLD_TRIGGER_IN_ENABLED=0                                                                                                                                                                                                                                                                                                                          ; --            ; --           ; auto_signaltap_0                  ;
; SLD_NODE_PARAMETER_ASSIGNMENT        ; SLD_TRIGGER_PIPELINE=0                                                                                                                                                                                                                                                                                                                            ; --            ; --           ; auto_signaltap_0                  ;
; SLD_NODE_PARAMETER_ASSIGNMENT        ; SLD_RAM_PIPELINE=0                                                                                                                                                                                                                                                                                                                                ; --            ; --           ; auto_signaltap_0                  ;
; SLD_NODE_PARAMETER_ASSIGNMENT        ; SLD_COUNTER_PIPELINE=0                                                                                                                                                                                                                                                                                                                            ; --            ; --           ; auto_signaltap_0                  ;
; SLD_NODE_PARAMETER_ASSIGNMENT        ; SLD_TRIGGER_LEVEL_PIPELINE=1                                                                                                                                                                                                                                                                                                                      ; --            ; --           ; auto_signaltap_0                  ;
; SLD_NODE_PARAMETER_ASSIGNMENT        ; SLD_ENABLE_ADVANCED_TRIGGER=0                                                                                                                                                                                                                                                                                                                     ; --            ; --           ; auto_signaltap_0                  ;
; SLD_NODE_PARAMETER_ASSIGNMENT        ; SLD_TRIGGER_LEVEL=3                                                                                                                                                                                                                                                                                                                               ; --            ; --           ; auto_signaltap_0                  ;
; SLD_NODE_PARAMETER_ASSIGNMENT        ; SLD_ADVANCED_TRIGGER_ENTITY=basic,1,basic,1,basic,1,                                                                                                                                                                                                                                                                                              ; --            ; --           ; auto_signaltap_0                  ;
; SLD_NODE_PARAMETER_ASSIGNMENT        ; SLD_DATA_BITS=35                                                                                                                                                                                                                                                                                                                                  ; --            ; --           ; auto_signaltap_0                  ;
; SLD_NODE_PARAMETER_ASSIGNMENT        ; SLD_TRIGGER_BITS=33                                                                                                                                                                                                                                                                                                                               ; --            ; --           ; auto_signaltap_0                  ;
; SLD_NODE_PARAMETER_ASSIGNMENT        ; SLD_STORAGE_QUALIFIER_BITS=35                                                                                                                                                                                                                                                                                                                     ; --            ; --           ; auto_signaltap_0                  ;
; SLD_NODE_PARAMETER_ASSIGNMENT        ; SLD_INVERSION_MASK=000000000000000000000000000000000000000000000000000000000000000000000000000000000000000000000000000000000000000000000000000000000000000000000000000000000000000000000000000000000000000000000000000000000000000000000000000000000000000000000000000000000000000000000000000000000000000000000000000000000000000000000000000000 ; --            ; --           ; auto_signaltap_0                  ;
; SLD_NODE_PARAMETER_ASSIGNMENT        ; SLD_INVERSION_MASK_LENGTH=318                                                                                                                                                                                                                                                                                                                     ; --            ; --           ; auto_signaltap_0                  ;
; TOP_LEVEL_ENTITY                     ; slc3_sramtop                                                                                                                                                                                                                                                                                                                                      ; Lab5          ; --           ; --                                ;
; USE_SIGNALTAP_FILE                   ; stp1.stp                                                                                                                                                                                                                                                                                                                                          ; --            ; --           ; --                                ;
+--------------------------------------+---------------------------------------------------------------------------------------------------------------------------------------------------------------------------------------------------------------------------------------------------------------------------------------------------------------------------------------------------+---------------+--------------+-----------------------------------+


+--------------------------------------------------------------------------------------------------------------------------+
; Flow Elapsed Time                                                                                                        ;
+----------------------+--------------+-------------------------+---------------------+------------------------------------+
; Module Name          ; Elapsed Time ; Average Processors Used ; Peak Virtual Memory ; Total CPU Time (on all processors) ;
+----------------------+--------------+-------------------------+---------------------+------------------------------------+
; Analysis & Synthesis ; 00:00:34     ; 1.0                     ; 4858 MB             ; 00:01:02                           ;
; Total                ; 00:00:34     ; --                      ; --                  ; 00:01:02                           ;
+----------------------+--------------+-------------------------+---------------------+------------------------------------+


+----------------------------------------------------------------------------------------+
; Flow OS Summary                                                                        ;
+----------------------+----------------------+------------+------------+----------------+
; Module Name          ; Machine Hostname     ; OS Name    ; OS Version ; Processor type ;
+----------------------+----------------------+------------+------------+----------------+
; Analysis & Synthesis ; Daniel-Marks-Surface ; Windows 10 ; 10.0       ; x86_64         ;
+----------------------+----------------------+------------+------------+----------------+


------------
; Flow Log ;
------------
quartus_map --read_settings_files=on --write_settings_files=off Lab5 -c Lab5



